IQ-TREE multicore version 2.1.4-beta COVID-edition for Mac OS X 64-bit built Jun 24 2021
Developed by Bui Quang Minh, James Barbetti, Nguyen Lam Tung,
Olga Chernomor, Heiko Schmidt, Dominik Schrempf, Michael Woodhams.

Host:    MacBook-Air-de-Younes.local (SSE4.2, 8 GB RAM)
Command: /usr/local/Caskroom/miniconda/base/bin/iqtree2 -s dnaA-fusA-gyrB-leuS-pyrG-rplB-rpoB.fasta -m TN+F+I+G4 -B 1000
Seed:    375930 (Using SPRNG - Scalable Parallel Random Number Generator)
Time:    Wed Aug 10 17:49:45 2022
Kernel:  SSE2 - 1 threads (8 CPU cores detected)

HINT: Use -nt option to specify number of threads because your CPU has 8 cores!
HINT: -nt AUTO will automatically determine the best number of threads to use.

Reading alignment file dnaA-fusA-gyrB-leuS-pyrG-rplB-rpoB.fasta ... Fasta format detected
Alignment most likely contains DNA/RNA sequences
Alignment has 41 sequences with 3509 columns, 473 distinct patterns
413 parsimony-informative, 203 singleton sites, 2893 constant sites
           Gap/Ambiguity  Composition  p-value
   1  CP002824     0.00%    passed     91.42%
   2  ST1042       0.00%    passed     98.25%
   3  DRX366470    0.00%    passed     99.58%
   4  DRX366471    0.00%    passed     99.58%
   5  DRX366472    0.00%    passed     99.58%
   6  DRX366473    0.00%    passed     99.58%
   7  DRX366474    0.00%    passed     99.73%
   8  DRX366475    0.00%    passed     97.81%
   9  DRX366477    0.00%    passed     97.81%
  10  DRX366476    0.00%    passed     98.51%
  11  DRX366478    0.00%    passed     99.76%
  12  DRX366479    0.00%    passed     99.59%
  13  DRX366480    0.00%    passed     98.68%
  14  DRX366481    0.00%    passed     98.04%
  15  CP010512     0.00%    passed     98.14%
  16  CP032291     0.00%    passed     99.53%
  17  CP021749     0.00%    passed     96.55%
  18  CP014280     0.00%    passed     98.92%
  19  CP011863     0.00%    passed     99.99%
  20  AP022628     0.00%    passed     99.62%
  21  CP083862     0.00%    passed     98.23%
  22  CP083857     0.00%    passed     99.06%
  23  CP083853     0.00%    passed     99.42%
  24  CP083849     0.00%    passed     99.61%
  25  CP083842     0.00%    passed     99.04%
  26  CP083834     0.00%    passed     98.24%
  27  CP083830     0.00%    passed     98.14%
  28  CP083828     0.00%    passed     99.39%
  29  CP083824     0.00%    passed     59.69%
  30  CP083821     0.00%    passed     99.82%
  31  CP083819     0.00%    passed     98.82%
  32  CP083815     0.00%    passed     98.01%
  33  CP017186     0.00%    passed     99.95%
  34  CP017180     0.00%    passed     99.14%
  35  CP017179     0.00%    passed     99.66%
  36  CP017181     0.00%    passed     99.32%
  37  CP017279     0.00%    passed     83.13%
  38  AP019007     0.00%    passed     87.33%
  39  CP017184     0.00%    passed     99.58%
  40  CP017183     0.00%    passed     99.95%
  41  CP001918     0.00%    passed     99.77%
****  TOTAL        0.00%  0 sequences failed composition chi2 test (p-value<5%; df=3)
NOTE: DRX366471 is identical to DRX366470 but kept for subsequent analysis
NOTE: DRX366477 is identical to DRX366475 but kept for subsequent analysis
NOTE: CP083830 is identical to CP010512 but kept for subsequent analysis
NOTE: 2 identical sequences (see below) will be ignored for subsequent analysis
NOTE: DRX366472 (identical to DRX366470) is ignored but added at the end
NOTE: DRX366473 (identical to DRX366470) is ignored but added at the end
Alignment was printed to dnaA-fusA-gyrB-leuS-pyrG-rplB-rpoB.fasta.uniqueseq.phy

For your convenience alignment with unique sequences printed to dnaA-fusA-gyrB-leuS-pyrG-rplB-rpoB.fasta.uniqueseq.phy

Create initial parsimony tree by phylogenetic likelihood library (PLL)... 0.003 seconds
Generating 1000 samples for ultrafast bootstrap (seed: 375930)...

NOTE: 4 MB RAM (0 GB) is required!
Estimate model parameters (epsilon = 0.100)
Thoroughly optimizing +I+G parameters from 10 start values...
Init pinv, alpha: 0.000, 1.000 / Estimate: 0.000, 0.090 / LogL: -12657.077
Init pinv, alpha: 0.092, 1.000 / Estimate: 0.622, 0.384 / LogL: -12548.079
Init pinv, alpha: 0.183, 1.000 / Estimate: 0.623, 0.388 / LogL: -12548.006
Init pinv, alpha: 0.275, 1.000 / Estimate: 0.623, 0.387 / LogL: -12548.024
Init pinv, alpha: 0.366, 1.000 / Estimate: 0.622, 0.386 / LogL: -12548.047
Init pinv, alpha: 0.458, 1.000 / Estimate: 0.622, 0.385 / LogL: -12548.068
Init pinv, alpha: 0.550, 1.000 / Estimate: 0.623, 0.387 / LogL: -12548.035
Init pinv, alpha: 0.641, 1.000 / Estimate: 0.651, 0.449 / LogL: -12547.089
Init pinv, alpha: 0.733, 1.000 / Estimate: 0.721, 0.730 / LogL: -12547.213
Init pinv, alpha: 0.824, 1.000 / Estimate: 0.720, 0.724 / LogL: -12547.198
Optimal pinv,alpha: 0.651, 0.449 / LogL: -12547.089

Parameters optimization took 4.098 sec
Computing ML distances based on estimated model parameters...
Computing ML distances took 0.044461 sec (of wall-clock time) 0.043662 sec(of CPU time)
WARNING: Some pairwise ML distances are too long (saturated)
Computing RapidNJ tree took 0.000476 sec (of wall-clock time) 0.000454 sec (of CPU time)
Log-likelihood of RapidNJ tree: -12959.426
--------------------------------------------------------------------
|             INITIALIZING CANDIDATE TREE SET                      |
--------------------------------------------------------------------
Generating 98 parsimony trees... 0.163 second
Computing log-likelihood of 98 initial trees ... 0.337 seconds
Current best score: -12543.159

Do NNI search on 20 best initial trees
Estimate model parameters (epsilon = 0.100)
BETTER TREE FOUND at iteration 1: -12537.850
UPDATE BEST LOG-LIKELIHOOD: -12537.848
Iteration 10 / LogL: -12537.941 / Time: 0h:0m:5s
UPDATE BEST LOG-LIKELIHOOD: -12537.846
Iteration 20 / LogL: -12537.945 / Time: 0h:0m:5s
Finish initializing candidate tree set (1)
Current best tree score: -12537.846 / CPU time: 1.581
Number of iterations: 20
--------------------------------------------------------------------
|               OPTIMIZING CANDIDATE TREE SET                      |
--------------------------------------------------------------------
Iteration 30 / LogL: -12538.841 / Time: 0h:0m:6s (0h:0m:16s left)
Iteration 40 / LogL: -12539.441 / Time: 0h:0m:7s (0h:0m:11s left)
Iteration 50 / LogL: -12537.856 / Time: 0h:0m:8s (0h:0m:8s left)
Log-likelihood cutoff on original alignment: -12567.956
Iteration 60 / LogL: -12547.243 / Time: 0h:0m:9s (0h:0m:6s left)
Iteration 70 / LogL: -12539.563 / Time: 0h:0m:10s (0h:0m:4s left)
Iteration 80 / LogL: -12539.268 / Time: 0h:0m:10s (0h:0m:2s left)
Iteration 90 / LogL: -12540.237 / Time: 0h:0m:11s (0h:0m:1s left)
Iteration 100 / LogL: -12539.564 / Time: 0h:0m:12s (0h:0m:0s left)
Log-likelihood cutoff on original alignment: -12567.731
NOTE: Bootstrap correlation coefficient of split occurrence frequencies: 0.995
TREE SEARCH COMPLETED AFTER 102 ITERATIONS / Time: 0h:0m:12s

--------------------------------------------------------------------
|                    FINALIZING TREE SEARCH                        |
--------------------------------------------------------------------
Performs final model parameters optimization
Estimate model parameters (epsilon = 0.010)
1. Initial log-likelihood: -12537.846
2. Current log-likelihood: -12537.796
3. Current log-likelihood: -12537.752
4. Current log-likelihood: -12537.710
5. Current log-likelihood: -12537.670
6. Current log-likelihood: -12537.633
7. Current log-likelihood: -12537.598
8. Current log-likelihood: -12537.566
9. Current log-likelihood: -12537.536
10. Current log-likelihood: -12537.508
11. Current log-likelihood: -12537.483
12. Current log-likelihood: -12537.459
13. Current log-likelihood: -12537.437
14. Current log-likelihood: -12537.417
15. Current log-likelihood: -12537.398
16. Current log-likelihood: -12537.381
17. Current log-likelihood: -12537.366
18. Current log-likelihood: -12537.351
19. Current log-likelihood: -12537.338
20. Current log-likelihood: -12537.326
21. Current log-likelihood: -12537.314
22. Current log-likelihood: -12537.304
Optimal log-likelihood: -12537.293
Rate parameters:  A-C: 1.00000  A-G: 3.47463  A-T: 1.00000  C-G: 1.00000  C-T: 8.07529  G-T: 1.00000
Base frequencies:  A: 0.243  C: 0.263  G: 0.277  T: 0.217
Proportion of invariable sites: 0.678
Gamma shape alpha: 0.528
Parameters optimization took 22 rounds (0.249 sec)
BEST SCORE FOUND : -12537.293
Creating bootstrap support values...
Split supports printed to NEXUS file dnaA-fusA-gyrB-leuS-pyrG-rplB-rpoB.fasta.splits.nex
Total tree length: 0.605

Total number of iterations: 102
CPU time used for tree search: 8.391 sec (0h:0m:8s)
Wall-clock time used for tree search: 8.268 sec (0h:0m:8s)
Total CPU time used: 12.960 sec (0h:0m:12s)
Total wall-clock time used: 12.817 sec (0h:0m:12s)

Computing bootstrap consensus tree...
Reading input file dnaA-fusA-gyrB-leuS-pyrG-rplB-rpoB.fasta.splits.nex...
39 taxa and 215 splits.
Consensus tree written to dnaA-fusA-gyrB-leuS-pyrG-rplB-rpoB.fasta.contree
Reading input trees file dnaA-fusA-gyrB-leuS-pyrG-rplB-rpoB.fasta.contree
Log-likelihood of consensus tree: -12537.320

Analysis results written to: 
  IQ-TREE report:                dnaA-fusA-gyrB-leuS-pyrG-rplB-rpoB.fasta.iqtree
  Maximum-likelihood tree:       dnaA-fusA-gyrB-leuS-pyrG-rplB-rpoB.fasta.treefile
  Likelihood distances:          dnaA-fusA-gyrB-leuS-pyrG-rplB-rpoB.fasta.mldist

Ultrafast bootstrap approximation results written to:
  Split support values:          dnaA-fusA-gyrB-leuS-pyrG-rplB-rpoB.fasta.splits.nex
  Consensus tree:                dnaA-fusA-gyrB-leuS-pyrG-rplB-rpoB.fasta.contree
  Screen log file:               dnaA-fusA-gyrB-leuS-pyrG-rplB-rpoB.fasta.log

Date and Time: Wed Aug 10 17:49:58 2022
